

Version:	3.50
CmdLine:	C:\Users\jorge\OneDrive\Documentos\NetBeansProjects\Carreras\target\carreradecaballos.exe --l4j-debug
JNI:		No
WOW64:		Yes
Working dir:	C:\Users\jorge\OneDrive\Documentos\NetBeansProjects\Carreras\target\.
Requires JDK:	No
Requires 64-Bit: No
Java min ver:	1.017.000
Java max ver:	
JRE paths:	java
Check launcher:	C:\Users\jorge\OneDrive\Documentos\NetBeansProjects\Carreras\target\java\bin\javaw.exe (not found)
64-bit search:	SOFTWARE\JavaSoft\Java Runtime Environment...
Check:		SOFTWARE\JavaSoft\Java Runtime Environment\1.8
Version string: 1.008.000 / 64-Bit (Ignore)
Ignore:		1.008.000
Check:		SOFTWARE\JavaSoft\Java Runtime Environment\1.8.0_391
Version string: 1.008.000_391 / 64-Bit (Ignore)
Ignore:		1.008.000_391
32-bit search:	SOFTWARE\JavaSoft\Java Runtime Environment...
64-bit search:	SOFTWARE\JavaSoft\Java Development Kit...
Check:		SOFTWARE\JavaSoft\Java Development Kit\1.8
Version string: 1.008.000 / 64-Bit (Ignore)
Ignore:		1.008.000
Check:		SOFTWARE\JavaSoft\Java Development Kit\1.8.0_111
Version string: 1.008.000_111 / 64-Bit (Ignore)
Ignore:		1.008.000_111
32-bit search:	SOFTWARE\JavaSoft\Java Development Kit...
64-bit search:	SOFTWARE\JavaSoft\JRE...
32-bit search:	SOFTWARE\JavaSoft\JRE...
64-bit search:	SOFTWARE\JavaSoft\JDK...
Check:		SOFTWARE\JavaSoft\JDK\11.0.20
Version string: 1.011.000_020 / 64-Bit (Ignore)
Ignore:		1.011.000_020
Check:		SOFTWARE\JavaSoft\JDK\17.0.12
Version string: 1.017.000_012 / 64-Bit (OK)
Check launcher:	C:\Program Files\Java\jdk-17\bin\javaw.exe (OK)
Match:		1.017.000_012
Runtime used:	1.017.000_012 (64-bit)
Launcher:	C:\Program Files\Java\jdk-17\bin\javaw.exe
Launcher args:	-jar "C:\Users\jorge\OneDrive\Documentos\NetBeansProjects\Carreras\target\carreradecaballos.exe"
Args length:	96/32768 chars
Exit code:	0


Version:	3.50
CmdLine:	C:\Users\jorge\OneDrive\Documentos\NetBeansProjects\Carreras\target\carreradecaballos.exe --l4j-debug
JNI:		No
WOW64:		Yes
Working dir:	C:\Users\jorge\OneDrive\Documentos\NetBeansProjects\Carreras\target\.
Requires JDK:	No
Requires 64-Bit: No
Java min ver:	1.017.000
Java max ver:	
JRE paths:	java
Check launcher:	C:\Users\jorge\OneDrive\Documentos\NetBeansProjects\Carreras\target\java\bin\javaw.exe (not found)
64-bit search:	SOFTWARE\JavaSoft\Java Runtime Environment...
Check:		SOFTWARE\JavaSoft\Java Runtime Environment\1.8
Version string: 1.008.000 / 64-Bit (Ignore)
Ignore:		1.008.000
Check:		SOFTWARE\JavaSoft\Java Runtime Environment\1.8.0_391
Version string: 1.008.000_391 / 64-Bit (Ignore)
Ignore:		1.008.000_391
32-bit search:	SOFTWARE\JavaSoft\Java Runtime Environment...
64-bit search:	SOFTWARE\JavaSoft\Java Development Kit...
Check:		SOFTWARE\JavaSoft\Java Development Kit\1.8
Version string: 1.008.000 / 64-Bit (Ignore)
Ignore:		1.008.000
Check:		SOFTWARE\JavaSoft\Java Development Kit\1.8.0_111
Version string: 1.008.000_111 / 64-Bit (Ignore)
Ignore:		1.008.000_111
32-bit search:	SOFTWARE\JavaSoft\Java Development Kit...
64-bit search:	SOFTWARE\JavaSoft\JRE...
32-bit search:	SOFTWARE\JavaSoft\JRE...
64-bit search:	SOFTWARE\JavaSoft\JDK...
Check:		SOFTWARE\JavaSoft\JDK\11.0.20
Version string: 1.011.000_020 / 64-Bit (Ignore)
Ignore:		1.011.000_020
Check:		SOFTWARE\JavaSoft\JDK\17.0.12
Version string: 1.017.000_012 / 64-Bit (OK)
Check launcher:	C:\Program Files\Java\jdk-17\bin\javaw.exe (OK)
Match:		1.017.000_012
Runtime used:	1.017.000_012 (64-bit)
Launcher:	C:\Program Files\Java\jdk-17\bin\javaw.exe
Launcher args:	-jar "C:\Users\jorge\OneDrive\Documentos\NetBeansProjects\Carreras\target\carreradecaballos.exe"
Args length:	96/32768 chars
Exit code:	0
